02/06/2015 14:24:21 (Std) 	+-+-+-+-+-+-+-+-+-+-+-+-+-+-+-+-+-+-+-+-+-+-+-+-+-+-+-+-+-+-+-+-+-+-+-+-+-+-+-+
02/06/2015 14:24:21 (Std) 	+                     Crazy Eddie's GUI System - Event log                    +
02/06/2015 14:24:21 (Std) 	+                          (http://www.cegui.org.uk/)                         +
02/06/2015 14:24:21 (Std) 	+-+-+-+-+-+-+-+-+-+-+-+-+-+-+-+-+-+-+-+-+-+-+-+-+-+-+-+-+-+-+-+-+-+-+-+-+-+-+-+

02/06/2015 14:24:21 (Std) 	CEGUI::Logger singleton created. (0x300d3a0)
02/06/2015 14:24:21 (Std) 	
02/06/2015 14:24:21 (Std) 	********************************************************************************
02/06/2015 14:24:21 (Std) 	* Important:                                                                   *
02/06/2015 14:24:21 (Std) 	*     To get support at the CEGUI forums, you must post _at least_ the section *
02/06/2015 14:24:21 (Std) 	*     of this log file indicated below.  Failure to do this will result in no  *
02/06/2015 14:24:21 (Std) 	*     support being given; please do not waste our time.                       *
02/06/2015 14:24:21 (Std) 	********************************************************************************
02/06/2015 14:24:21 (Std) 	********************************************************************************
02/06/2015 14:24:21 (Std) 	* -------- START OF ESSENTIAL SECTION TO BE POSTED ON THE FORUM       -------- *
02/06/2015 14:24:21 (Std) 	********************************************************************************
02/06/2015 14:24:21 (Std) 	---- Version: 0.8.4 (Build: Jan 30 2015 GNU/Linux g++ 4.8.2 64 bit) ----
02/06/2015 14:24:21 (Std) 	---- Renderer module is: CEGUI::OgreRenderer - Official OGRE based 2nd generation renderer module. ----
02/06/2015 14:24:21 (Std) 	---- XML Parser module is: CEGUI::ExpatParser - Official expat based parser module for CEGUI ----
02/06/2015 14:24:21 (Std) 	---- Image Codec module is: OgreImageCodec - Integrated ImageCodec using the Ogre engine. ----
02/06/2015 14:24:21 (Std) 	---- Scripting module is: None ----
02/06/2015 14:24:21 (Std) 	********************************************************************************
02/06/2015 14:24:21 (Std) 	* -------- END OF ESSENTIAL SECTION TO BE POSTED ON THE FORUM         -------- *
02/06/2015 14:24:21 (Std) 	********************************************************************************
02/06/2015 14:24:21 (Std) 	
02/06/2015 14:24:21 (Std) 	---- Begining CEGUI System initialisation ----
02/06/2015 14:24:21 (Std) 	[CEGUI::ImageManager] Singleton created (0x300e380)
02/06/2015 14:24:21 (Std) 	[CEGUI::ImageManager] Registered Image type: BasicImage
02/06/2015 14:24:21 (Std) 	CEGUI::FontManager singleton created. (0x300e090)
02/06/2015 14:24:21 (Std) 	CEGUI::WindowFactoryManager singleton created
02/06/2015 14:24:21 (Std) 	CEGUI::WindowManager singleton created (0x30101f0)
02/06/2015 14:24:21 (Std) 	CEGUI::SchemeManager singleton created. (0x300e1c0)
02/06/2015 14:24:21 (Std) 	CEGUI::GlobalEventSet singleton created. (0x30eb0d0)
02/06/2015 14:24:21 (Std) 	CEGUI::AnimationManager singleton created (0x300ef80)
02/06/2015 14:24:21 (Std) 	CEGUI::WidgetLookManager singleton created. (0x2c046f0)
02/06/2015 14:24:21 (Std) 	CEGUI::WindowRendererManager singleton created (0x2c45a20)
02/06/2015 14:24:21 (Std) 	CEGUI::RenderEffectManager singleton created (0x300d800)
02/06/2015 14:24:21 (Std) 	Created WindowFactory for 'DefaultWindow' windows.
02/06/2015 14:24:21 (Std) 	WindowFactory for 'DefaultWindow' windows added. (0x30f5690)
02/06/2015 14:24:21 (Std) 	Created WindowFactory for 'DragContainer' windows.
02/06/2015 14:24:21 (Std) 	WindowFactory for 'DragContainer' windows added. (0x300cd30)
02/06/2015 14:24:21 (Std) 	Created WindowFactory for 'ScrolledContainer' windows.
02/06/2015 14:24:21 (Std) 	WindowFactory for 'ScrolledContainer' windows added. (0x30f5910)
02/06/2015 14:24:21 (Std) 	Created WindowFactory for 'ClippedContainer' windows.
02/06/2015 14:24:21 (Std) 	WindowFactory for 'ClippedContainer' windows added. (0x30f5ab0)
02/06/2015 14:24:21 (Std) 	Created WindowFactory for 'CEGUI/PushButton' windows.
02/06/2015 14:24:21 (Std) 	WindowFactory for 'CEGUI/PushButton' windows added. (0x30f5c50)
02/06/2015 14:24:21 (Std) 	Created WindowFactory for 'CEGUI/RadioButton' windows.
02/06/2015 14:24:21 (Std) 	WindowFactory for 'CEGUI/RadioButton' windows added. (0x30f5df0)
02/06/2015 14:24:21 (Std) 	Created WindowFactory for 'CEGUI/Combobox' windows.
02/06/2015 14:24:21 (Std) 	WindowFactory for 'CEGUI/Combobox' windows added. (0x30f5f90)
02/06/2015 14:24:21 (Std) 	Created WindowFactory for 'CEGUI/ComboDropList' windows.
02/06/2015 14:24:21 (Std) 	WindowFactory for 'CEGUI/ComboDropList' windows added. (0x30f6130)
02/06/2015 14:24:21 (Std) 	Created WindowFactory for 'CEGUI/Editbox' windows.
02/06/2015 14:24:21 (Std) 	WindowFactory for 'CEGUI/Editbox' windows added. (0x30f62d0)
02/06/2015 14:24:21 (Std) 	Created WindowFactory for 'CEGUI/FrameWindow' windows.
02/06/2015 14:24:21 (Std) 	WindowFactory for 'CEGUI/FrameWindow' windows added. (0x30f6470)
02/06/2015 14:24:21 (Std) 	Created WindowFactory for 'CEGUI/ItemEntry' windows.
02/06/2015 14:24:21 (Std) 	WindowFactory for 'CEGUI/ItemEntry' windows added. (0x30f6610)
02/06/2015 14:24:21 (Std) 	Created WindowFactory for 'CEGUI/Listbox' windows.
02/06/2015 14:24:21 (Std) 	WindowFactory for 'CEGUI/Listbox' windows added. (0x30f67b0)
02/06/2015 14:24:21 (Std) 	Created WindowFactory for 'CEGUI/ListHeader' windows.
02/06/2015 14:24:21 (Std) 	WindowFactory for 'CEGUI/ListHeader' windows added. (0x30f6950)
02/06/2015 14:24:21 (Std) 	Created WindowFactory for 'CEGUI/ListHeaderSegment' windows.
02/06/2015 14:24:21 (Std) 	WindowFactory for 'CEGUI/ListHeaderSegment' windows added. (0x30f6af0)
02/06/2015 14:24:21 (Std) 	Created WindowFactory for 'CEGUI/Menubar' windows.
02/06/2015 14:24:21 (Std) 	WindowFactory for 'CEGUI/Menubar' windows added. (0x30f6c90)
02/06/2015 14:24:21 (Std) 	Created WindowFactory for 'CEGUI/PopupMenu' windows.
02/06/2015 14:24:21 (Std) 	WindowFactory for 'CEGUI/PopupMenu' windows added. (0x30f6e30)
02/06/2015 14:24:21 (Std) 	Created WindowFactory for 'CEGUI/MenuItem' windows.
02/06/2015 14:24:21 (Std) 	WindowFactory for 'CEGUI/MenuItem' windows added. (0x30f6fd0)
02/06/2015 14:24:21 (Std) 	Created WindowFactory for 'CEGUI/MultiColumnList' windows.
02/06/2015 14:24:21 (Std) 	WindowFactory for 'CEGUI/MultiColumnList' windows added. (0x30f7280)
02/06/2015 14:24:21 (Std) 	Created WindowFactory for 'CEGUI/MultiLineEditbox' windows.
02/06/2015 14:24:21 (Std) 	WindowFactory for 'CEGUI/MultiLineEditbox' windows added. (0x30f7420)
02/06/2015 14:24:21 (Std) 	Created WindowFactory for 'CEGUI/ProgressBar' windows.
02/06/2015 14:24:21 (Std) 	WindowFactory for 'CEGUI/ProgressBar' windows added. (0x30f75c0)
02/06/2015 14:24:21 (Std) 	Created WindowFactory for 'CEGUI/ScrollablePane' windows.
02/06/2015 14:24:21 (Std) 	WindowFactory for 'CEGUI/ScrollablePane' windows added. (0x30f7760)
02/06/2015 14:24:21 (Std) 	Created WindowFactory for 'CEGUI/Scrollbar' windows.
02/06/2015 14:24:21 (Std) 	WindowFactory for 'CEGUI/Scrollbar' windows added. (0x30f7900)
02/06/2015 14:24:21 (Std) 	Created WindowFactory for 'CEGUI/Slider' windows.
02/06/2015 14:24:21 (Std) 	WindowFactory for 'CEGUI/Slider' windows added. (0x30f7aa0)
02/06/2015 14:24:21 (Std) 	Created WindowFactory for 'CEGUI/Spinner' windows.
02/06/2015 14:24:21 (Std) 	WindowFactory for 'CEGUI/Spinner' windows added. (0x30f7c40)
02/06/2015 14:24:21 (Std) 	Created WindowFactory for 'CEGUI/TabButton' windows.
02/06/2015 14:24:21 (Std) 	WindowFactory for 'CEGUI/TabButton' windows added. (0x30f7de0)
02/06/2015 14:24:21 (Std) 	Created WindowFactory for 'CEGUI/TabControl' windows.
02/06/2015 14:24:21 (Std) 	WindowFactory for 'CEGUI/TabControl' windows added. (0x30f7f80)
02/06/2015 14:24:21 (Std) 	Created WindowFactory for 'CEGUI/Thumb' windows.
02/06/2015 14:24:21 (Std) 	WindowFactory for 'CEGUI/Thumb' windows added. (0x30f8120)
02/06/2015 14:24:21 (Std) 	Created WindowFactory for 'CEGUI/Titlebar' windows.
02/06/2015 14:24:21 (Std) 	WindowFactory for 'CEGUI/Titlebar' windows added. (0x30f82c0)
02/06/2015 14:24:21 (Std) 	Created WindowFactory for 'CEGUI/ToggleButton' windows.
02/06/2015 14:24:21 (Std) 	WindowFactory for 'CEGUI/ToggleButton' windows added. (0x30f8460)
02/06/2015 14:24:21 (Std) 	Created WindowFactory for 'CEGUI/Tooltip' windows.
02/06/2015 14:24:21 (Std) 	WindowFactory for 'CEGUI/Tooltip' windows added. (0x30f8600)
02/06/2015 14:24:21 (Std) 	Created WindowFactory for 'CEGUI/ItemListbox' windows.
02/06/2015 14:24:21 (Std) 	WindowFactory for 'CEGUI/ItemListbox' windows added. (0x30f87a0)
02/06/2015 14:24:21 (Std) 	Created WindowFactory for 'CEGUI/GroupBox' windows.
02/06/2015 14:24:21 (Std) 	WindowFactory for 'CEGUI/GroupBox' windows added. (0x30f8940)
02/06/2015 14:24:21 (Std) 	Created WindowFactory for 'CEGUI/Tree' windows.
02/06/2015 14:24:21 (Std) 	WindowFactory for 'CEGUI/Tree' windows added. (0x30f8ae0)
02/06/2015 14:24:21 (Std) 	Created WindowFactory for 'LayoutCell' windows.
02/06/2015 14:24:21 (Std) 	WindowFactory for 'LayoutCell' windows added. (0x30f7170)
02/06/2015 14:24:21 (Std) 	Created WindowFactory for 'HorizontalLayoutContainer' windows.
02/06/2015 14:24:21 (Std) 	WindowFactory for 'HorizontalLayoutContainer' windows added. (0x30f8f70)
02/06/2015 14:24:21 (Std) 	Created WindowFactory for 'VerticalLayoutContainer' windows.
02/06/2015 14:24:21 (Std) 	WindowFactory for 'VerticalLayoutContainer' windows added. (0x30f9110)
02/06/2015 14:24:21 (Std) 	Created WindowFactory for 'GridLayoutContainer' windows.
02/06/2015 14:24:21 (Std) 	WindowFactory for 'GridLayoutContainer' windows added. (0x30f92b0)
02/06/2015 14:24:21 (Std) 	CEGUI::System singleton created. (0x3010070)
02/06/2015 14:24:21 (Std) 	---- CEGUI System initialisation completed ----
02/06/2015 14:24:21 (Std) 	
02/06/2015 14:24:21 (Std) 	Started creation of Scheme from XML specification:
02/06/2015 14:24:21 (Std) 	---- CEGUI GUIScheme name: GlossySerpentFHD
02/06/2015 14:24:21 (Std) 	[ImageManager] Started creation of Imageset from XML specification:
02/06/2015 14:24:21 (Std) 	[ImageManager] ---- CEGUI Imageset name: GlossySerpentFHD
02/06/2015 14:24:21 (Std) 	[ImageManager] ---- Source texture file: GlossySerpentFHD.png
02/06/2015 14:24:21 (Std) 	[ImageManager] ---- Source texture resource group: (Default)
02/06/2015 14:24:21 (Std) 	[OgreRenderer] Created texture: GlossySerpentFHD
02/06/2015 14:24:21 (Std) 	[ImageManager] Created image: 'GlossySerpentFHD/SimplePanelBorder_TL' (0x2fa2250) of type: BasicImage
02/06/2015 14:24:21 (Std) 	[ImageManager] Created image: 'GlossySerpentFHD/SimplePanelBorder_L' (0x2fff8b0) of type: BasicImage
02/06/2015 14:24:21 (Std) 	[ImageManager] Created image: 'GlossySerpentFHD/SimplePanelBorder_BL' (0x2fffc00) of type: BasicImage
02/06/2015 14:24:21 (Std) 	[ImageManager] Created image: 'GlossySerpentFHD/SimplePanelBorder_T' (0x2ffff50) of type: BasicImage
02/06/2015 14:24:21 (Std) 	[ImageManager] Created image: 'GlossySerpentFHD/SimplePanelBorder_M' (0x30002a0) of type: BasicImage
02/06/2015 14:24:21 (Std) 	[ImageManager] Created image: 'GlossySerpentFHD/SimplePanelBorder_B' (0x30005f0) of type: BasicImage
02/06/2015 14:24:21 (Std) 	[ImageManager] Created image: 'GlossySerpentFHD/SimplePanelBorder_TR' (0x3000940) of type: BasicImage
02/06/2015 14:24:21 (Std) 	[ImageManager] Created image: 'GlossySerpentFHD/SimplePanelBorder_R' (0x3000c90) of type: BasicImage
02/06/2015 14:24:21 (Std) 	[ImageManager] Created image: 'GlossySerpentFHD/SimplePanelBorder_BR' (0x3000fe0) of type: BasicImage
02/06/2015 14:24:21 (Std) 	[ImageManager] Created image: 'GlossySerpentFHD/SimplePanelBck_TL' (0x3001330) of type: BasicImage
02/06/2015 14:24:21 (Std) 	[ImageManager] Created image: 'GlossySerpentFHD/SimplePanelBck_L' (0x3001810) of type: BasicImage
02/06/2015 14:24:21 (Std) 	[ImageManager] Created image: 'GlossySerpentFHD/SimplePanelBck_BL' (0x2fa1540) of type: BasicImage
02/06/2015 14:24:21 (Std) 	[ImageManager] Created image: 'GlossySerpentFHD/SimplePanelBck_T' (0x3001d60) of type: BasicImage
02/06/2015 14:24:21 (Std) 	[ImageManager] Created image: 'GlossySerpentFHD/SimplePanelBck_M' (0x3002120) of type: BasicImage
02/06/2015 14:24:21 (Std) 	[ImageManager] Created image: 'GlossySerpentFHD/SimplePanelBck_B' (0x30024e0) of type: BasicImage
02/06/2015 14:24:21 (Std) 	[ImageManager] Created image: 'GlossySerpentFHD/SimplePanelBck_TR' (0x3002810) of type: BasicImage
02/06/2015 14:24:21 (Std) 	[ImageManager] Created image: 'GlossySerpentFHD/SimplePanelBck_R' (0x2fa2eb0) of type: BasicImage
02/06/2015 14:24:21 (Std) 	[ImageManager] Created image: 'GlossySerpentFHD/SimplePanelBck_BR' (0x3002f20) of type: BasicImage
02/06/2015 14:24:21 (Std) 	[ImageManager] Created image: 'GlossySerpentFHD/Button32_4D_TL' (0x2fa7e70) of type: BasicImage
02/06/2015 14:24:21 (Std) 	[ImageManager] Created image: 'GlossySerpentFHD/Button32_4D_L' (0x2fa8080) of type: BasicImage
02/06/2015 14:24:21 (Std) 	[ImageManager] Created image: 'GlossySerpentFHD/Button32_4D_BL' (0x2fa8290) of type: BasicImage
02/06/2015 14:24:21 (Std) 	[ImageManager] Created image: 'GlossySerpentFHD/Button32_4D_T' (0x2fa84a0) of type: BasicImage
02/06/2015 14:24:21 (Std) 	[ImageManager] Created image: 'GlossySerpentFHD/Button32_4D_M' (0x2fa86b0) of type: BasicImage
02/06/2015 14:24:21 (Std) 	[ImageManager] Created image: 'GlossySerpentFHD/Button32_4D_B' (0x2fa88c0) of type: BasicImage
02/06/2015 14:24:21 (Std) 	[ImageManager] Created image: 'GlossySerpentFHD/Button32_4D_TR' (0x2fa8ad0) of type: BasicImage
02/06/2015 14:24:21 (Std) 	[ImageManager] Created image: 'GlossySerpentFHD/Button32_4D_R' (0x2fa8ce0) of type: BasicImage
02/06/2015 14:24:21 (Std) 	[ImageManager] Created image: 'GlossySerpentFHD/Button32_4D_BR' (0x2fa8ef0) of type: BasicImage
02/06/2015 14:24:21 (Std) 	[ImageManager] Created image: 'GlossySerpentFHD/Button32_4D_Background' (0x2fa9100) of type: BasicImage
02/06/2015 14:24:21 (Std) 	[ImageManager] Created image: 'GlossySerpentFHD/Button32_4D_BackgHighlight' (0x2fa9840) of type: BasicImage
02/06/2015 14:24:21 (Std) 	[ImageManager] Created image: 'GlossySerpentFHD/Button32_2C_TL' (0x2fff3b0) of type: BasicImage
02/06/2015 14:24:21 (Std) 	[ImageManager] Created image: 'GlossySerpentFHD/Button32_2C_L' (0x2fa9c90) of type: BasicImage
02/06/2015 14:24:21 (Std) 	[ImageManager] Created image: 'GlossySerpentFHD/Button32_2C_BL' (0x2fa9ea0) of type: BasicImage
02/06/2015 14:24:21 (Std) 	[ImageManager] Created image: 'GlossySerpentFHD/Button32_2C_T' (0x2faa0b0) of type: BasicImage
02/06/2015 14:24:21 (Std) 	[ImageManager] Created image: 'GlossySerpentFHD/Button32_2C_M' (0x2faa2c0) of type: BasicImage
02/06/2015 14:24:21 (Std) 	[ImageManager] Created image: 'GlossySerpentFHD/Button32_2C_B' (0x2faa4d0) of type: BasicImage
02/06/2015 14:24:21 (Std) 	[ImageManager] Created image: 'GlossySerpentFHD/Button32_2C_TR' (0x2faa6e0) of type: BasicImage
02/06/2015 14:24:21 (Std) 	[ImageManager] Created image: 'GlossySerpentFHD/Button32_2C_R' (0x2faa8f0) of type: BasicImage
02/06/2015 14:24:21 (Std) 	[ImageManager] Created image: 'GlossySerpentFHD/Button32_2C_BR' (0x2faab00) of type: BasicImage
02/06/2015 14:24:21 (Std) 	[ImageManager] Created image: 'GlossySerpentFHD/MiniButton_TL' (0x2faad10) of type: BasicImage
02/06/2015 14:24:21 (Std) 	[ImageManager] Created image: 'GlossySerpentFHD/MiniButton_L' (0x2faaf20) of type: BasicImage
02/06/2015 14:24:21 (Std) 	[ImageManager] Created image: 'GlossySerpentFHD/MiniButton_BL' (0x2fab130) of type: BasicImage
02/06/2015 14:24:21 (Std) 	[ImageManager] Created image: 'GlossySerpentFHD/MiniButton_T' (0x2fab340) of type: BasicImage
02/06/2015 14:24:21 (Std) 	[ImageManager] Created image: 'GlossySerpentFHD/MiniButton_M' (0x2fab550) of type: BasicImage
02/06/2015 14:24:21 (Std) 	[ImageManager] Created image: 'GlossySerpentFHD/MiniButton_B' (0x2fab760) of type: BasicImage
02/06/2015 14:24:21 (Std) 	[ImageManager] Created image: 'GlossySerpentFHD/MiniButton_TR' (0x2fab970) of type: BasicImage
02/06/2015 14:24:21 (Std) 	[ImageManager] Created image: 'GlossySerpentFHD/MiniButton_R' (0x2fa1090) of type: BasicImage
02/06/2015 14:24:21 (Std) 	[ImageManager] Created image: 'GlossySerpentFHD/MiniButton_BR' (0x2fabea0) of type: BasicImage
02/06/2015 14:24:21 (Std) 	[ImageManager] Created image: 'GlossySerpentFHD/MiniButton_Background' (0x2f8f810) of type: BasicImage
02/06/2015 14:24:21 (Std) 	[ImageManager] Created image: 'GlossySerpentFHD/MiniButton_BackgHighlight' (0x2f8fb80) of type: BasicImage
02/06/2015 14:24:21 (Std) 	[ImageManager] Created image: 'GlossySerpentFHD/ButtonEmpty32_UpL' (0x2f8ffd0) of type: BasicImage
02/06/2015 14:24:21 (Std) 	[ImageManager] Created image: 'GlossySerpentFHD/ButtonEmpty32_UpM' (0x2f90320) of type: BasicImage
02/06/2015 14:24:21 (Std) 	[ImageManager] Created image: 'GlossySerpentFHD/ButtonEmpty32_UpR' (0x2f90670) of type: BasicImage
02/06/2015 14:24:21 (Std) 	[ImageManager] Created image: 'GlossySerpentFHD/ButtonEmpty32_UpT' (0x2f909c0) of type: BasicImage
02/06/2015 14:24:21 (Std) 	[ImageManager] Created image: 'GlossySerpentFHD/ButtonEmpty32_UpB' (0x2f90d10) of type: BasicImage
02/06/2015 14:24:21 (Std) 	[ImageManager] Created image: 'GlossySerpentFHD/ButtonEmpty32_UpBL' (0x2f91060) of type: BasicImage
02/06/2015 14:24:21 (Std) 	[ImageManager] Created image: 'GlossySerpentFHD/ButtonEmpty32_UpBR' (0x2f913b0) of type: BasicImage
02/06/2015 14:24:21 (Std) 	[ImageManager] Created image: 'GlossySerpentFHD/ButtonEmpty32_UpTL' (0x2f91700) of type: BasicImage
02/06/2015 14:24:21 (Std) 	[ImageManager] Created image: 'GlossySerpentFHD/ButtonEmpty32_UpTR' (0x2f91a50) of type: BasicImage
02/06/2015 14:24:21 (Std) 	[ImageManager] Created image: 'GlossySerpentFHD/ButtonEmpty32_OverL' (0x2f91da0) of type: BasicImage
02/06/2015 14:24:21 (Std) 	[ImageManager] Created image: 'GlossySerpentFHD/ButtonEmpty32_OverM' (0x2f920f0) of type: BasicImage
02/06/2015 14:24:21 (Std) 	[ImageManager] Created image: 'GlossySerpentFHD/ButtonEmpty32_OverR' (0x2f92440) of type: BasicImage
02/06/2015 14:24:21 (Std) 	[ImageManager] Created image: 'GlossySerpentFHD/ButtonEmpty32_OverT' (0x2f92790) of type: BasicImage
02/06/2015 14:24:21 (Std) 	[ImageManager] Created image: 'GlossySerpentFHD/ButtonEmpty32_OverB' (0x2f92ae0) of type: BasicImage
02/06/2015 14:24:21 (Std) 	[ImageManager] Created image: 'GlossySerpentFHD/ButtonEmpty32_OverBL' (0x2f92e30) of type: BasicImage
02/06/2015 14:24:21 (Std) 	[ImageManager] Created image: 'GlossySerpentFHD/ButtonEmpty32_OverBR' (0x2f93180) of type: BasicImage
02/06/2015 14:24:21 (Std) 	[ImageManager] Created image: 'GlossySerpentFHD/ButtonEmpty32_OverTL' (0x2f934d0) of type: BasicImage
02/06/2015 14:24:21 (Std) 	[ImageManager] Created image: 'GlossySerpentFHD/ButtonEmpty32_OverTR' (0x2f93820) of type: BasicImage
02/06/2015 14:24:21 (Std) 	[ImageManager] Created image: 'GlossySerpentFHD/ButtonEmpty32_DownL' (0x2f93b70) of type: BasicImage
02/06/2015 14:24:21 (Std) 	[ImageManager] Created image: 'GlossySerpentFHD/ButtonEmpty32_DownM' (0x2f93ec0) of type: BasicImage
02/06/2015 14:24:21 (Std) 	[ImageManager] Created image: 'GlossySerpentFHD/ButtonEmpty32_DownR' (0x30f9450) of type: BasicImage
02/06/2015 14:24:21 (Std) 	[ImageManager] Created image: 'GlossySerpentFHD/ButtonEmpty32_DownT' (0x30f97a0) of type: BasicImage
02/06/2015 14:24:21 (Std) 	[ImageManager] Created image: 'GlossySerpentFHD/ButtonEmpty32_DownB' (0x30f9af0) of type: BasicImage
02/06/2015 14:24:21 (Std) 	[ImageManager] Created image: 'GlossySerpentFHD/ButtonEmpty32_DownBL' (0x30f9e40) of type: BasicImage
02/06/2015 14:24:21 (Std) 	[ImageManager] Created image: 'GlossySerpentFHD/ButtonEmpty32_DownBR' (0x30fa190) of type: BasicImage
02/06/2015 14:24:21 (Std) 	[ImageManager] Created image: 'GlossySerpentFHD/ButtonEmpty32_DownTL' (0x30fa4e0) of type: BasicImage
02/06/2015 14:24:21 (Std) 	[ImageManager] Created image: 'GlossySerpentFHD/ButtonEmpty32_DownTR' (0x30fa830) of type: BasicImage
02/06/2015 14:24:21 (Std) 	[ImageManager] Created image: 'GlossySerpentFHD/StaticTopLeft' (0x30fab80) of type: BasicImage
02/06/2015 14:24:21 (Std) 	[ImageManager] Created image: 'GlossySerpentFHD/StaticLeft' (0x30fad90) of type: BasicImage
02/06/2015 14:24:21 (Std) 	[ImageManager] Created image: 'GlossySerpentFHD/StaticBottomLeft' (0x30fafa0) of type: BasicImage
02/06/2015 14:24:21 (Std) 	[ImageManager] Created image: 'GlossySerpentFHD/StaticTop' (0x30fb240) of type: BasicImage
02/06/2015 14:24:21 (Std) 	[ImageManager] Created image: 'GlossySerpentFHD/StaticBackdrop' (0x30fb450) of type: BasicImage
02/06/2015 14:24:21 (Std) 	[ImageManager] Created image: 'GlossySerpentFHD/StaticBottom' (0x30fb660) of type: BasicImage
02/06/2015 14:24:21 (Std) 	[ImageManager] Created image: 'GlossySerpentFHD/StaticTopRight' (0x30fb870) of type: BasicImage
02/06/2015 14:24:21 (Std) 	[ImageManager] Created image: 'GlossySerpentFHD/StaticRight' (0x30fba80) of type: BasicImage
02/06/2015 14:24:21 (Std) 	[ImageManager] Created image: 'GlossySerpentFHD/StaticBottomRight' (0x30fbc90) of type: BasicImage
02/06/2015 14:24:21 (Std) 	[ImageManager] Created image: 'GlossySerpentFHD/ComboboxEditLeft' (0x30fbfe0) of type: BasicImage
02/06/2015 14:24:21 (Std) 	[ImageManager] Created image: 'GlossySerpentFHD/ComboboxEditMiddle' (0x30fc310) of type: BasicImage
02/06/2015 14:24:21 (Std) 	[ImageManager] Created image: 'GlossySerpentFHD/ComboboxEditRight' (0x30fc660) of type: BasicImage
02/06/2015 14:24:21 (Std) 	[ImageManager] Created image: 'GlossySerpentFHD/ComboboxButtonBorder_TL' (0x30fc9b0) of type: BasicImage
02/06/2015 14:24:21 (Std) 	[ImageManager] Created image: 'GlossySerpentFHD/ComboboxButtonBorder_L' (0x30fcd20) of type: BasicImage
02/06/2015 14:24:21 (Std) 	[ImageManager] Created image: 'GlossySerpentFHD/ComboboxButtonBorder_BL' (0x30fd090) of type: BasicImage
02/06/2015 14:24:21 (Std) 	[ImageManager] Created image: 'GlossySerpentFHD/ComboboxButtonBorder_T' (0x30fd400) of type: BasicImage
02/06/2015 14:24:21 (Std) 	[ImageManager] Created image: 'GlossySerpentFHD/ComboboxButtonBorder_M' (0x30fd770) of type: BasicImage
02/06/2015 14:24:21 (Std) 	[ImageManager] Created image: 'GlossySerpentFHD/ComboboxButtonBorder_B' (0x30fdae0) of type: BasicImage
02/06/2015 14:24:21 (Std) 	[ImageManager] Created image: 'GlossySerpentFHD/ComboboxButtonBorder_TR' (0x30fde50) of type: BasicImage
02/06/2015 14:24:21 (Std) 	[ImageManager] Created image: 'GlossySerpentFHD/ComboboxButtonBorder_R' (0x30fe1c0) of type: BasicImage
02/06/2015 14:24:21 (Std) 	[ImageManager] Created image: 'GlossySerpentFHD/ComboboxButtonBorder_BR' (0x2f4de90) of type: BasicImage
02/06/2015 14:24:21 (Std) 	[ImageManager] Created image: 'GlossySerpentFHD/ComboboxButtonBackground' (0x2f4e200) of type: BasicImage
02/06/2015 14:24:21 (Std) 	[ImageManager] Created image: 'GlossySerpentFHD/ComboboxButtonBackgHighlight' (0x2f4e570) of type: BasicImage
02/06/2015 14:24:21 (Std) 	[ImageManager] Created image: 'GlossySerpentFHD/ComboboxButtonGlyph' (0x2f4e9c0) of type: BasicImage
02/06/2015 14:24:21 (Std) 	[ImageManager] Created image: 'GlossySerpentFHD/ComboboxListTopLeft' (0x2f4ec70) of type: BasicImage
02/06/2015 14:24:21 (Std) 	[ImageManager] Created image: 'GlossySerpentFHD/ComboboxListLeft' (0x2f4efc0) of type: BasicImage
02/06/2015 14:24:21 (Std) 	[ImageManager] Created image: 'GlossySerpentFHD/ComboboxListBottomLeft' (0x2f4f260) of type: BasicImage
02/06/2015 14:24:21 (Std) 	[ImageManager] Created image: 'GlossySerpentFHD/ComboboxListTop' (0x2f4f5d0) of type: BasicImage
02/06/2015 14:24:21 (Std) 	[ImageManager] Created image: 'GlossySerpentFHD/ComboboxListBackdrop' (0x2f4f900) of type: BasicImage
02/06/2015 14:24:21 (Std) 	[ImageManager] Created image: 'GlossySerpentFHD/ComboboxListBottom' (0x2f4fc50) of type: BasicImage
02/06/2015 14:24:21 (Std) 	[ImageManager] Created image: 'GlossySerpentFHD/ComboboxListTopRight' (0x2f4ffa0) of type: BasicImage
02/06/2015 14:24:21 (Std) 	[ImageManager] Created image: 'GlossySerpentFHD/ComboboxListRight' (0x2f502f0) of type: BasicImage
02/06/2015 14:24:21 (Std) 	[ImageManager] Created image: 'GlossySerpentFHD/ComboboxListBottomRight' (0x2f50640) of type: BasicImage
02/06/2015 14:24:21 (Std) 	[ImageManager] Created image: 'GlossySerpentFHD/ComboboxSelectionBrush' (0x2f509b0) of type: BasicImage
02/06/2015 14:24:21 (Std) 	[ImageManager] Created image: 'GlossySerpentFHD/HeaderBarSplitterNormal' (0x2f50d20) of type: BasicImage
02/06/2015 14:24:21 (Std) 	[ImageManager] Created image: 'GlossySerpentFHD/HeaderBarSplitterHover' (0x2f51090) of type: BasicImage
02/06/2015 14:24:21 (Std) 	[ImageManager] Created image: 'GlossySerpentFHD/HeaderBarSortUp' (0x2f51400) of type: BasicImage
02/06/2015 14:24:21 (Std) 	[ImageManager] Created image: 'GlossySerpentFHD/HeaderBarSortDown' (0x2f51730) of type: BasicImage
02/06/2015 14:24:21 (Std) 	[ImageManager] Created image: 'GlossySerpentFHD/MultiListTopLeft' (0x2f51a80) of type: BasicImage
02/06/2015 14:24:21 (Std) 	[ImageManager] Created image: 'GlossySerpentFHD/MultiListLeft' (0x2f51db0) of type: BasicImage
02/06/2015 14:24:21 (Std) 	[ImageManager] Created image: 'GlossySerpentFHD/MultiListBottomLeft' (0x2f51fc0) of type: BasicImage
02/06/2015 14:24:21 (Std) 	[ImageManager] Created image: 'GlossySerpentFHD/MultiListTop' (0x2f52310) of type: BasicImage
02/06/2015 14:24:21 (Std) 	[ImageManager] Created image: 'GlossySerpentFHD/MultiListBackdrop' (0x2f52520) of type: BasicImage
02/06/2015 14:24:21 (Std) 	[ImageManager] Created image: 'GlossySerpentFHD/MultiListBottom' (0x2f52870) of type: BasicImage
02/06/2015 14:24:21 (Std) 	[ImageManager] Created image: 'GlossySerpentFHD/MultiListTopRight' (0x2f52ba0) of type: BasicImage
02/06/2015 14:24:21 (Std) 	[ImageManager] Created image: 'GlossySerpentFHD/MultiListRight' (0x2f52ef0) of type: BasicImage
02/06/2015 14:24:21 (Std) 	[ImageManager] Created image: 'GlossySerpentFHD/MultiListBottomRight' (0x2f53100) of type: BasicImage
02/06/2015 14:24:21 (Std) 	[ImageManager] Created image: 'GlossySerpentFHD/MultiListSelectionBrush' (0x2f53450) of type: BasicImage
02/06/2015 14:24:21 (Std) 	[ImageManager] Created image: 'GlossySerpentFHD/TextSelectionBrush' (0x2f537c0) of type: BasicImage
02/06/2015 14:24:21 (Std) 	[ImageManager] Created image: 'GlossySerpentFHD/EditBox_TL' (0x2f53b10) of type: BasicImage
02/06/2015 14:24:21 (Std) 	[ImageManager] Created image: 'GlossySerpentFHD/EditBox_L' (0x2f53d20) of type: BasicImage
02/06/2015 14:24:21 (Std) 	[ImageManager] Created image: 'GlossySerpentFHD/EditBox_BL' (0x2f53f30) of type: BasicImage
02/06/2015 14:24:21 (Std) 	[ImageManager] Created image: 'GlossySerpentFHD/EditBox_T' (0x2f54140) of type: BasicImage
02/06/2015 14:24:21 (Std) 	[ImageManager] Created image: 'GlossySerpentFHD/EditBox_M' (0x2f54350) of type: BasicImage
02/06/2015 14:24:21 (Std) 	[ImageManager] Created image: 'GlossySerpentFHD/EditBox_B' (0x2f54560) of type: BasicImage
02/06/2015 14:24:21 (Std) 	[ImageManager] Created image: 'GlossySerpentFHD/EditBox_TR' (0x2f54770) of type: BasicImage
02/06/2015 14:24:21 (Std) 	[ImageManager] Created image: 'GlossySerpentFHD/EditBox_R' (0x2f54980) of type: BasicImage
02/06/2015 14:24:21 (Std) 	[ImageManager] Created image: 'GlossySerpentFHD/EditBox_BR' (0x2f54b90) of type: BasicImage
02/06/2015 14:24:21 (Std) 	[ImageManager] Created image: 'GlossySerpentFHD/EditBoxCarat' (0x2f54da0) of type: BasicImage
02/06/2015 14:24:21 (Std) 	[ImageManager] Created image: 'GlossySerpentFHD/CheckboxMark' (0x2f54fb0) of type: BasicImage
02/06/2015 14:24:21 (Std) 	[ImageManager] Created image: 'GlossySerpentFHD/CheckboxBorder_TL' (0x2f551c0) of type: BasicImage
02/06/2015 14:24:21 (Std) 	[ImageManager] Created image: 'GlossySerpentFHD/CheckboxBorder_L' (0x2f55510) of type: BasicImage
02/06/2015 14:24:21 (Std) 	[ImageManager] Created image: 'GlossySerpentFHD/CheckboxBorder_BL' (0x2f55840) of type: BasicImage
02/06/2015 14:24:21 (Std) 	[ImageManager] Created image: 'GlossySerpentFHD/CheckboxBorder_T' (0x2f55b90) of type: BasicImage
02/06/2015 14:24:21 (Std) 	[ImageManager] Created image: 'GlossySerpentFHD/CheckboxBorder_M' (0x2f55ec0) of type: BasicImage
02/06/2015 14:24:21 (Std) 	[ImageManager] Created image: 'GlossySerpentFHD/CheckboxBorder_B' (0x2f561f0) of type: BasicImage
02/06/2015 14:24:21 (Std) 	[ImageManager] Created image: 'GlossySerpentFHD/CheckboxBorder_TR' (0x2f56520) of type: BasicImage
02/06/2015 14:24:21 (Std) 	[ImageManager] Created image: 'GlossySerpentFHD/CheckboxBorder_R' (0x2f56870) of type: BasicImage
02/06/2015 14:24:21 (Std) 	[ImageManager] Created image: 'GlossySerpentFHD/CheckboxBorder_BR' (0x2f56ba0) of type: BasicImage
02/06/2015 14:24:21 (Std) 	[ImageManager] Created image: 'GlossySerpentFHD/CheckboxBackground' (0x2f56ef0) of type: BasicImage
02/06/2015 14:24:21 (Std) 	[ImageManager] Created image: 'GlossySerpentFHD/CheckboxBackgroundHighlight' (0x2f57240) of type: BasicImage
02/06/2015 14:24:21 (Std) 	[ImageManager] Created image: 'GlossySerpentFHD/MiniVertScrollBarSegment' (0x2f575d0) of type: BasicImage
02/06/2015 14:24:21 (Std) 	[ImageManager] Created image: 'GlossySerpentFHD/MiniHorzScrollBarSegment' (0x2f57940) of type: BasicImage
02/06/2015 14:24:21 (Std) 	[ImageManager] Created image: 'GlossySerpentFHD/MiniHorzScrollLeftNormal' (0x2f57cb0) of type: BasicImage
02/06/2015 14:24:21 (Std) 	[ImageManager] Created image: 'GlossySerpentFHD/MiniHorzScrollRightNormal' (0x2f58020) of type: BasicImage
02/06/2015 14:24:21 (Std) 	[ImageManager] Created image: 'GlossySerpentFHD/HorzScrollThumbBorder_TL' (0x2f583b0) of type: BasicImage
02/06/2015 14:24:21 (Std) 	[ImageManager] Created image: 'GlossySerpentFHD/HorzScrollThumbBorder_L' (0x2f58720) of type: BasicImage
02/06/2015 14:24:21 (Std) 	[ImageManager] Created image: 'GlossySerpentFHD/HorzScrollThumbBorder_BL' (0x2f58a90) of type: BasicImage
02/06/2015 14:24:21 (Std) 	[ImageManager] Created image: 'GlossySerpentFHD/HorzScrollThumbBorder_T' (0x2f58e00) of type: BasicImage
02/06/2015 14:24:21 (Std) 	[ImageManager] Created image: 'GlossySerpentFHD/HorzScrollThumbBorder_M' (0x2f59170) of type: BasicImage
02/06/2015 14:24:21 (Std) 	[ImageManager] Created image: 'GlossySerpentFHD/HorzScrollThumbBorder_B' (0x2f594e0) of type: BasicImage
02/06/2015 14:24:21 (Std) 	[ImageManager] Created image: 'GlossySerpentFHD/HorzScrollThumbBorder_TR' (0x2f59850) of type: BasicImage
02/06/2015 14:24:21 (Std) 	[ImageManager] Created image: 'GlossySerpentFHD/HorzScrollThumbBorder_R' (0x2f59bc0) of type: BasicImage
02/06/2015 14:24:21 (Std) 	[ImageManager] Created image: 'GlossySerpentFHD/HorzScrollThumbBorder_BR' (0x2f59f30) of type: BasicImage
02/06/2015 14:24:21 (Std) 	[ImageManager] Created image: 'GlossySerpentFHD/HorzScrollThumb_Background' (0x2f5a2a0) of type: BasicImage
02/06/2015 14:24:21 (Std) 	[ImageManager] Created image: 'GlossySerpentFHD/HorzScrollThumb_BackgHighlight' (0x2f5a630) of type: BasicImage
02/06/2015 14:24:21 (Std) 	[ImageManager] Created image: 'GlossySerpentFHD/VertScrollThumbBorder_TL' (0x2f5aab0) of type: BasicImage
02/06/2015 14:24:21 (Std) 	[ImageManager] Created image: 'GlossySerpentFHD/VertScrollThumbBorder_L' (0x2f5ae20) of type: BasicImage
02/06/2015 14:24:21 (Std) 	[ImageManager] Created image: 'GlossySerpentFHD/VertScrollThumbBorder_BL' (0x2f5b190) of type: BasicImage
02/06/2015 14:24:21 (Std) 	[ImageManager] Created image: 'GlossySerpentFHD/VertScrollThumbBorder_T' (0x2f5b500) of type: BasicImage
02/06/2015 14:24:21 (Std) 	[ImageManager] Created image: 'GlossySerpentFHD/VertScrollThumbBorder_M' (0x2f5b870) of type: BasicImage
02/06/2015 14:24:21 (Std) 	[ImageManager] Created image: 'GlossySerpentFHD/VertScrollThumbBorder_B' (0x2f5bbe0) of type: BasicImage
02/06/2015 14:24:21 (Std) 	[ImageManager] Created image: 'GlossySerpentFHD/VertScrollThumbBorder_TR' (0x2f5bf50) of type: BasicImage
02/06/2015 14:24:21 (Std) 	[ImageManager] Created image: 'GlossySerpentFHD/VertScrollThumbBorder_R' (0x2f5c2c0) of type: BasicImage
02/06/2015 14:24:21 (Std) 	[ImageManager] Created image: 'GlossySerpentFHD/VertScrollThumbBorder_BR' (0x2f5c630) of type: BasicImage
02/06/2015 14:24:21 (Std) 	[ImageManager] Created image: 'GlossySerpentFHD/VertScrollThumb_Background' (0x2f5c9a0) of type: BasicImage
02/06/2015 14:24:21 (Std) 	[ImageManager] Created image: 'GlossySerpentFHD/VertScrollThumb_BackgHighlight' (0x2f5cd30) of type: BasicImage
02/06/2015 14:24:21 (Std) 	[ImageManager] Created image: 'GlossySerpentFHD/ListboxTopLeft' (0x2f5d1b0) of type: BasicImage
02/06/2015 14:24:21 (Std) 	[ImageManager] Created image: 'GlossySerpentFHD/ListboxLeft' (0x2f5d3c0) of type: BasicImage
02/06/2015 14:24:21 (Std) 	[ImageManager] Created image: 'GlossySerpentFHD/ListboxBottomLeft' (0x2f5d5d0) of type: BasicImage
02/06/2015 14:24:21 (Std) 	[ImageManager] Created image: 'GlossySerpentFHD/ListboxTop' (0x2f5d920) of type: BasicImage
02/06/2015 14:24:21 (Std) 	[ImageManager] Created image: 'GlossySerpentFHD/ListboxBackdrop' (0x2f5db30) of type: BasicImage
02/06/2015 14:24:21 (Std) 	[ImageManager] Created image: 'GlossySerpentFHD/ListboxBottom' (0x2f5de60) of type: BasicImage
02/06/2015 14:24:21 (Std) 	[ImageManager] Created image: 'GlossySerpentFHD/ListboxTopRight' (0x2f5e070) of type: BasicImage
02/06/2015 14:24:21 (Std) 	[ImageManager] Created image: 'GlossySerpentFHD/ListboxRight' (0x2f5e3a0) of type: BasicImage
02/06/2015 14:24:21 (Std) 	[ImageManager] Created image: 'GlossySerpentFHD/ListboxBottomRight' (0x2f5e5b0) of type: BasicImage
02/06/2015 14:24:21 (Std) 	[ImageManager] Created image: 'GlossySerpentFHD/ListboxSelectionBrush' (0x2f5e900) of type: BasicImage
02/06/2015 14:24:21 (Std) 	[ImageManager] Created image: 'GlossySerpentFHD/TooltipTopLeft' (0x2f5ec70) of type: BasicImage
02/06/2015 14:24:21 (Std) 	[ImageManager] Created image: 'GlossySerpentFHD/TooltipLeftEdge' (0x2f5ee80) of type: BasicImage
02/06/2015 14:24:21 (Std) 	[ImageManager] Created image: 'GlossySerpentFHD/TooltipBottomLeft' (0x2f5f1b0) of type: BasicImage
02/06/2015 14:24:21 (Std) 	[ImageManager] Created image: 'GlossySerpentFHD/TooltipTopEdge' (0x2f5f500) of type: BasicImage
02/06/2015 14:24:21 (Std) 	[ImageManager] Created image: 'GlossySerpentFHD/TooltipMiddle' (0x2f5f710) of type: BasicImage
02/06/2015 14:24:21 (Std) 	[ImageManager] Created image: 'GlossySerpentFHD/TooltipBottomEdge' (0x2f5f920) of type: BasicImage
02/06/2015 14:24:21 (Std) 	[ImageManager] Created image: 'GlossySerpentFHD/TooltipTopRight' (0x2f5fc70) of type: BasicImage
02/06/2015 14:24:21 (Std) 	[ImageManager] Created image: 'GlossySerpentFHD/TooltipRightEdge' (0x2f5ffa0) of type: BasicImage
02/06/2015 14:24:21 (Std) 	[ImageManager] Created image: 'GlossySerpentFHD/TooltipBottomRight' (0x2f602d0) of type: BasicImage
02/06/2015 14:24:21 (Std) 	[ImageManager] Created image: 'GlossySerpentFHD/MultiLineEditboxTopLeft' (0x2f60620) of type: BasicImage
02/06/2015 14:24:21 (Std) 	[ImageManager] Created image: 'GlossySerpentFHD/MultiLineEditboxLeft' (0x2f60990) of type: BasicImage
02/06/2015 14:24:21 (Std) 	[ImageManager] Created image: 'GlossySerpentFHD/MultiLineEditboxBottomLeft' (0x2f60ce0) of type: BasicImage
02/06/2015 14:24:21 (Std) 	[ImageManager] Created image: 'GlossySerpentFHD/MultiLineEditboxTop' (0x2f61070) of type: BasicImage
02/06/2015 14:24:21 (Std) 	[ImageManager] Created image: 'GlossySerpentFHD/MultiLineEditboxBackdrop' (0x2f613c0) of type: BasicImage
02/06/2015 14:24:21 (Std) 	[ImageManager] Created image: 'GlossySerpentFHD/MultiLineEditboxBottom' (0x2f61730) of type: BasicImage
02/06/2015 14:24:21 (Std) 	[ImageManager] Created image: 'GlossySerpentFHD/MultiLineEditboxTopRight' (0x2f61aa0) of type: BasicImage
02/06/2015 14:24:21 (Std) 	[ImageManager] Created image: 'GlossySerpentFHD/MultiLineEditboxRight' (0x2f61e10) of type: BasicImage
02/06/2015 14:24:21 (Std) 	[ImageManager] Created image: 'GlossySerpentFHD/MultiLineEditboxBottomRight' (0x2f62180) of type: BasicImage
02/06/2015 14:24:21 (Std) 	[ImageManager] Created image: 'GlossySerpentFHD/MultiLineEditboxSelectionBrush' (0x2f62510) of type: BasicImage
02/06/2015 14:24:21 (Std) 	[ImageManager] Created image: 'GlossySerpentFHD/TabButtonBorder_TL' (0x2f628c0) of type: BasicImage
02/06/2015 14:24:21 (Std) 	[ImageManager] Created image: 'GlossySerpentFHD/TabButtonBorder_L' (0x2f62c10) of type: BasicImage
02/06/2015 14:24:21 (Std) 	[ImageManager] Created image: 'GlossySerpentFHD/TabButtonBorder_BL' (0x2f62f60) of type: BasicImage
02/06/2015 14:24:21 (Std) 	[ImageManager] Created image: 'GlossySerpentFHD/TabButtonBorder_T' (0x2f632b0) of type: BasicImage
02/06/2015 14:24:21 (Std) 	[ImageManager] Created image: 'GlossySerpentFHD/TabButtonBorder_M' (0x2f63600) of type: BasicImage
02/06/2015 14:24:21 (Std) 	[ImageManager] Created image: 'GlossySerpentFHD/TabButtonBorder_B' (0x2f63950) of type: BasicImage
02/06/2015 14:24:21 (Std) 	[ImageManager] Created image: 'GlossySerpentFHD/TabButtonBorder_TR' (0x2f63ca0) of type: BasicImage
02/06/2015 14:24:21 (Std) 	[ImageManager] Created image: 'GlossySerpentFHD/TabButtonBorder_R' (0x2f63ff0) of type: BasicImage
02/06/2015 14:24:21 (Std) 	[ImageManager] Created image: 'GlossySerpentFHD/TabButtonBorder_BR' (0x2f64340) of type: BasicImage
02/06/2015 14:24:21 (Std) 	[ImageManager] Created image: 'GlossySerpentFHD/TabButton_Background' (0x2f64690) of type: BasicImage
02/06/2015 14:24:21 (Std) 	[ImageManager] Created image: 'GlossySerpentFHD/TabButton_Backghighlight' (0x2f649e0) of type: BasicImage
02/06/2015 14:24:21 (Std) 	[ImageManager] Created image: 'GlossySerpentFHD/TabContentPaneUpperLeft' (0x2f64d50) of type: BasicImage
02/06/2015 14:24:21 (Std) 	[ImageManager] Created image: 'GlossySerpentFHD/TabContentPaneLeft' (0x2f650c0) of type: BasicImage
02/06/2015 14:24:21 (Std) 	[ImageManager] Created image: 'GlossySerpentFHD/TabContentPaneLowerLeft' (0x2f65410) of type: BasicImage
02/06/2015 14:24:21 (Std) 	[ImageManager] Created image: 'GlossySerpentFHD/TabContentPaneUpper' (0x2f65780) of type: BasicImage
02/06/2015 14:24:21 (Std) 	[ImageManager] Created image: 'GlossySerpentFHD/TabContentPaneMiddle' (0x2f65ad0) of type: BasicImage
02/06/2015 14:24:21 (Std) 	[ImageManager] Created image: 'GlossySerpentFHD/TabContentPaneLower' (0x2f65e20) of type: BasicImage
02/06/2015 14:24:21 (Std) 	[ImageManager] Created image: 'GlossySerpentFHD/TabContentPaneUpperRight' (0x2f66170) of type: BasicImage
02/06/2015 14:24:21 (Std) 	[ImageManager] Created image: 'GlossySerpentFHD/TabContentPaneRight' (0x2f664e0) of type: BasicImage
02/06/2015 14:24:21 (Std) 	[ImageManager] Created image: 'GlossySerpentFHD/TabContentPaneLowerRight' (0x2f66830) of type: BasicImage
02/06/2015 14:24:21 (Std) 	[ImageManager] Created image: 'GlossySerpentFHD/TitlebarBorder_TL' (0x2f66ba0) of type: BasicImage
02/06/2015 14:24:21 (Std) 	[ImageManager] Created image: 'GlossySerpentFHD/TitlebarBorder_L' (0x2f66ef0) of type: BasicImage
02/06/2015 14:24:21 (Std) 	[ImageManager] Created image: 'GlossySerpentFHD/TitlebarBorder_BL' (0x2f67220) of type: BasicImage
02/06/2015 14:24:21 (Std) 	[ImageManager] Created image: 'GlossySerpentFHD/TitlebarBorder_T' (0x2f67570) of type: BasicImage
02/06/2015 14:24:21 (Std) 	[ImageManager] Created image: 'GlossySerpentFHD/TitlebarBorder_M' (0x2f678a0) of type: BasicImage
02/06/2015 14:24:21 (Std) 	[ImageManager] Created image: 'GlossySerpentFHD/TitlebarBorder_B' (0x2f67bd0) of type: BasicImage
02/06/2015 14:24:21 (Std) 	[ImageManager] Created image: 'GlossySerpentFHD/TitlebarBorder_TR' (0x2f67f00) of type: BasicImage
02/06/2015 14:24:21 (Std) 	[ImageManager] Created image: 'GlossySerpentFHD/TitlebarBorder_R' (0x2f68250) of type: BasicImage
02/06/2015 14:24:21 (Std) 	[ImageManager] Created image: 'GlossySerpentFHD/TitlebarBorder_BR' (0x2f68580) of type: BasicImage
02/06/2015 14:24:21 (Std) 	[ImageManager] Created image: 'GlossySerpentFHD/TitlebarBackground' (0x2f688d0) of type: BasicImage
02/06/2015 14:24:21 (Std) 	[ImageManager] Created image: 'GlossySerpentFHD/TitlebarBackghighlight' (0x2f68c20) of type: BasicImage
02/06/2015 14:24:21 (Std) 	[ImageManager] Created image: 'GlossySerpentFHD/WindowTopLeft' (0x2f68f90) of type: BasicImage
02/06/2015 14:24:21 (Std) 	[ImageManager] Created image: 'GlossySerpentFHD/WindowLeftEdge' (0x2f691a0) of type: BasicImage
02/06/2015 14:24:21 (Std) 	[ImageManager] Created image: 'GlossySerpentFHD/WindowBottomLeft' (0x2f693b0) of type: BasicImage
02/06/2015 14:24:21 (Std) 	[ImageManager] Created image: 'GlossySerpentFHD/WindowTopEdge' (0x2f696e0) of type: BasicImage
02/06/2015 14:24:21 (Std) 	[ImageManager] Created image: 'GlossySerpentFHD/WindowMid' (0x2f698f0) of type: BasicImage
02/06/2015 14:24:21 (Std) 	[ImageManager] Created image: 'GlossySerpentFHD/WindowBottomEdge' (0x2f69b00) of type: BasicImage
02/06/2015 14:24:21 (Std) 	[ImageManager] Created image: 'GlossySerpentFHD/WindowTopRight' (0x2f69e30) of type: BasicImage
02/06/2015 14:24:21 (Std) 	[ImageManager] Created image: 'GlossySerpentFHD/WindowRightEdge' (0x2f6a040) of type: BasicImage
02/06/2015 14:24:21 (Std) 	[ImageManager] Created image: 'GlossySerpentFHD/WindowBottomRight' (0x2f6a370) of type: BasicImage
02/06/2015 14:24:21 (Std) 	[ImageManager] Created image: 'GlossySerpentFHD/WindowBck_TL' (0x2f6a6c0) of type: BasicImage
02/06/2015 14:24:21 (Std) 	[ImageManager] Created image: 'GlossySerpentFHD/WindowBck_L' (0x2f6a8d0) of type: BasicImage
02/06/2015 14:24:21 (Std) 	[ImageManager] Created image: 'GlossySerpentFHD/WindowBck_BL' (0x2f6aae0) of type: BasicImage
02/06/2015 14:24:21 (Std) 	[ImageManager] Created image: 'GlossySerpentFHD/WindowBck_T' (0x2f6acf0) of type: BasicImage
02/06/2015 14:24:21 (Std) 	[ImageManager] Created image: 'GlossySerpentFHD/WindowBck_M' (0x2f6af00) of type: BasicImage
02/06/2015 14:24:21 (Std) 	[ImageManager] Created image: 'GlossySerpentFHD/WindowBck_B' (0x2f6b110) of type: BasicImage
02/06/2015 14:24:21 (Std) 	[ImageManager] Created image: 'GlossySerpentFHD/WindowBck_TR' (0x2f6b320) of type: BasicImage
02/06/2015 14:24:21 (Std) 	[ImageManager] Created image: 'GlossySerpentFHD/WindowBck_R' (0x2f6b530) of type: BasicImage
02/06/2015 14:24:21 (Std) 	[ImageManager] Created image: 'GlossySerpentFHD/WindowBck_BR' (0x2f6b740) of type: BasicImage
02/06/2015 14:24:21 (Std) 	[ImageManager] Created image: 'GlossySerpentFHD/EmbelishedPanel_TL' (0x2f6b950) of type: BasicImage
02/06/2015 14:24:21 (Std) 	[ImageManager] Created image: 'GlossySerpentFHD/EmbelishedPanel_L' (0x2f6bca0) of type: BasicImage
02/06/2015 14:24:21 (Std) 	[ImageManager] Created image: 'GlossySerpentFHD/EmbelishedPanel_BL' (0x2f6bff0) of type: BasicImage
02/06/2015 14:24:21 (Std) 	[ImageManager] Created image: 'GlossySerpentFHD/EmbelishedPanel_T' (0x2f6c340) of type: BasicImage
02/06/2015 14:24:21 (Std) 	[ImageManager] Created image: 'GlossySerpentFHD/EmbelishedPanel_M' (0x2f6c690) of type: BasicImage
02/06/2015 14:24:21 (Std) 	[ImageManager] Created image: 'GlossySerpentFHD/EmbelishedPanel_B' (0x2f6c9e0) of type: BasicImage
02/06/2015 14:24:21 (Std) 	[ImageManager] Created image: 'GlossySerpentFHD/EmbelishedPanel_TR' (0x2f6cd30) of type: BasicImage
02/06/2015 14:24:21 (Std) 	[ImageManager] Created image: 'GlossySerpentFHD/EmbelishedPanel_R' (0x2f6d080) of type: BasicImage
02/06/2015 14:24:21 (Std) 	[ImageManager] Created image: 'GlossySerpentFHD/EmbelishedPanel_BR' (0x2f6d3d0) of type: BasicImage
02/06/2015 14:24:21 (Std) 	[ImageManager] Created image: 'GlossySerpentFHD/PanelBackground_TL' (0x2f6d720) of type: BasicImage
02/06/2015 14:24:21 (Std) 	[ImageManager] Created image: 'GlossySerpentFHD/PanelBackground_L' (0x2f6da70) of type: BasicImage
02/06/2015 14:24:21 (Std) 	[ImageManager] Created image: 'GlossySerpentFHD/PanelBackground_BL' (0x2f6ddc0) of type: BasicImage
02/06/2015 14:24:21 (Std) 	[ImageManager] Created image: 'GlossySerpentFHD/PanelBackground_T' (0x2f6e110) of type: BasicImage
02/06/2015 14:24:21 (Std) 	[ImageManager] Created image: 'GlossySerpentFHD/PanelBackground_M' (0x2f6e460) of type: BasicImage
02/06/2015 14:24:21 (Std) 	[ImageManager] Created image: 'GlossySerpentFHD/PanelBackground_B' (0x2f6e7b0) of type: BasicImage
02/06/2015 14:24:21 (Std) 	[ImageManager] Created image: 'GlossySerpentFHD/PanelBackground_TR' (0x2f6eb00) of type: BasicImage
02/06/2015 14:24:21 (Std) 	[ImageManager] Created image: 'GlossySerpentFHD/PanelBackground_R' (0x2f6ee50) of type: BasicImage
02/06/2015 14:24:21 (Std) 	[ImageManager] Created image: 'GlossySerpentFHD/PanelBackground_BR' (0x2f6f1a0) of type: BasicImage
02/06/2015 14:24:21 (Std) 	[ImageManager] Created image: 'GlossySerpentFHD/ProgressBar_HD_TL' (0x2f6f4f0) of type: BasicImage
02/06/2015 14:24:21 (Std) 	[ImageManager] Created image: 'GlossySerpentFHD/ProgressBar_HD_L' (0x2f6f840) of type: BasicImage
02/06/2015 14:24:21 (Std) 	[ImageManager] Created image: 'GlossySerpentFHD/ProgressBar_HD_BL' (0x2f6fb70) of type: BasicImage
02/06/2015 14:24:21 (Std) 	[ImageManager] Created image: 'GlossySerpentFHD/ProgressBar_HD_T' (0x2f6fec0) of type: BasicImage
02/06/2015 14:24:21 (Std) 	[ImageManager] Created image: 'GlossySerpentFHD/ProgressBar_HD_M' (0x336a350) of type: BasicImage
02/06/2015 14:24:21 (Std) 	[ImageManager] Created image: 'GlossySerpentFHD/ProgressBar_HD_B' (0x336a5f0) of type: BasicImage
02/06/2015 14:24:21 (Std) 	[ImageManager] Created image: 'GlossySerpentFHD/ProgressBar_HD_TR' (0x336a920) of type: BasicImage
02/06/2015 14:24:21 (Std) 	[ImageManager] Created image: 'GlossySerpentFHD/ProgressBar_HD_R' (0x336ac70) of type: BasicImage
02/06/2015 14:24:21 (Std) 	[ImageManager] Created image: 'GlossySerpentFHD/ProgressBar_HD_BR' (0x336afa0) of type: BasicImage
02/06/2015 14:24:21 (Std) 	[ImageManager] Created image: 'GlossySerpentFHD/ProgressBar_HD_TL_Redux' (0x336b2f0) of type: BasicImage
02/06/2015 14:24:21 (Std) 	[ImageManager] Created image: 'GlossySerpentFHD/ProgressBar_HD_L_Redux' (0x336b660) of type: BasicImage
02/06/2015 14:24:21 (Std) 	[ImageManager] Created image: 'GlossySerpentFHD/ProgressBar_HD_BL_Redux' (0x336b9d0) of type: BasicImage
02/06/2015 14:24:21 (Std) 	[ImageManager] Created image: 'GlossySerpentFHD/ProgressBar_HD_TR_Redux' (0x336bd40) of type: BasicImage
02/06/2015 14:24:21 (Std) 	[ImageManager] Created image: 'GlossySerpentFHD/ProgressBar_HD_R_Redux' (0x336c0b0) of type: BasicImage
02/06/2015 14:24:21 (Std) 	[ImageManager] Created image: 'GlossySerpentFHD/ProgressBar_HD_BR_Redux' (0x336c420) of type: BasicImage
02/06/2015 14:24:21 (Std) 	[ImageManager] Created image: 'GlossySerpentFHD/ProgressBarLitSegment' (0x336c790) of type: BasicImage
02/06/2015 14:24:21 (Std) 	[ImageManager] Created image: 'GlossySerpentFHD/ProgressBarGraySegment' (0x336cb00) of type: BasicImage
02/06/2015 14:24:21 (Std) 	[ImageManager] Created image: 'GlossySerpentFHD/ProgressBar_BackgHighlight' (0x336ce70) of type: BasicImage
02/06/2015 14:24:21 (Std) 	[ImageManager] Created image: 'GlossySerpentFHD/EmptyGlyph24' (0x336d200) of type: BasicImage
02/06/2015 14:24:21 (Std) 	[ImageManager] Created image: 'GlossySerpentFHD/EmptyGlyph32' (0x336d410) of type: BasicImage
02/06/2015 14:24:21 (Std) 	[ImageManager] Created image: 'GlossySerpentFHD/EmptyGlyph48' (0x336d620) of type: BasicImage
02/06/2015 14:24:21 (Std) 	[ImageManager] Created image: 'GlossySerpentFHD/GlyphBlack' (0x336d830) of type: BasicImage
02/06/2015 14:24:21 (Std) 	[ImageManager] Created image: 'GlossySerpentFHD/GlyphArrowRight' (0x336da40) of type: BasicImage
02/06/2015 14:24:21 (Std) 	[ImageManager] Created image: 'GlossySerpentFHD/GlyphArrowLeft' (0x336dd70) of type: BasicImage
02/06/2015 14:24:21 (Std) 	[ImageManager] Created image: 'GlossySerpentFHD/GlyphArrowUp' (0x336df80) of type: BasicImage
02/06/2015 14:24:21 (Std) 	[ImageManager] Created image: 'GlossySerpentFHD/GlyphArrowDown' (0x336e190) of type: BasicImage
02/06/2015 14:24:21 (Std) 	[ImageManager] Created image: 'GlossySerpentFHD/GlyphX' (0x336e3a0) of type: BasicImage
02/06/2015 14:24:21 (Std) 	[ImageManager] Created image: 'GlossySerpentFHD/GlyphShield' (0x336e5b0) of type: BasicImage
02/06/2015 14:24:21 (Std) 	[ImageManager] Created image: 'GlossySerpentFHD/GlyphExit' (0x336e7c0) of type: BasicImage
02/06/2015 14:24:21 (Std) 	[ImageManager] Created image: 'GlossySerpentFHD/GlyphHammer' (0x336e9d0) of type: BasicImage
02/06/2015 14:24:21 (Std) 	[ImageManager] Created image: 'GlossySerpentFHD/GlyphBack' (0x336ebe0) of type: BasicImage
02/06/2015 14:24:21 (Std) 	[ImageManager] Created image: 'GlossySerpentFHD/GlyphCheckmark' (0x336edf0) of type: BasicImage
02/06/2015 14:24:21 (Std) 	[ImageManager] Created image: 'GlossySerpentFHD/SerpentSkinTileDark' (0x336f000) of type: BasicImage
02/06/2015 14:24:21 (Std) 	[ImageManager] Created image: 'GlossySerpentFHD/VerticalDarkGradient' (0x336f350) of type: BasicImage
02/06/2015 14:24:21 (Std) 	[ImageManager] Created image: 'GlossySerpentFHD/RailedGlyphButtonBorder_TL' (0x336f6a0) of type: BasicImage
02/06/2015 14:24:21 (Std) 	[ImageManager] Created image: 'GlossySerpentFHD/RailedGlyphButtonBorder_L' (0x336fa30) of type: BasicImage
02/06/2015 14:24:21 (Std) 	[ImageManager] Created image: 'GlossySerpentFHD/RailedGlyphButtonBorder_BL' (0x336fdc0) of type: BasicImage
02/06/2015 14:24:21 (Std) 	[ImageManager] Created image: 'GlossySerpentFHD/RailedGlyphButtonBorder_T' (0x3370150) of type: BasicImage
02/06/2015 14:24:21 (Std) 	[ImageManager] Created image: 'GlossySerpentFHD/RailedGlyphButtonBorder_M' (0x33704e0) of type: BasicImage
02/06/2015 14:24:21 (Std) 	[ImageManager] Created image: 'GlossySerpentFHD/RailedGlyphButtonBorder_B' (0x3370870) of type: BasicImage
02/06/2015 14:24:21 (Std) 	[ImageManager] Created image: 'GlossySerpentFHD/RailedGlyphButtonBorder_TR' (0x3370c00) of type: BasicImage
02/06/2015 14:24:21 (Std) 	[ImageManager] Created image: 'GlossySerpentFHD/RailedGlyphButtonBorder_R' (0x3370f90) of type: BasicImage
02/06/2015 14:24:21 (Std) 	[ImageManager] Created image: 'GlossySerpentFHD/RailedGlyphButtonBorder_BR' (0x3371320) of type: BasicImage
02/06/2015 14:24:21 (Std) 	[ImageManager] Created image: 'GlossySerpentFHD/RailedGlyphButtonHighlight' (0x33716b0) of type: BasicImage
02/06/2015 14:24:21 (Std) 	[ImageManager] Created image: 'GlossySerpentFHD/ScaleArmorTextureHighlight' (0x3371a40) of type: BasicImage
02/06/2015 14:24:21 (Std) 	[ImageManager] Started creation of Imageset from XML specification:
02/06/2015 14:24:21 (Std) 	[ImageManager] ---- CEGUI Imageset name: GlossySerpentFHDCursors
02/06/2015 14:24:21 (Std) 	[ImageManager] ---- Source texture file: GlossySerpentFHDCursors.png
02/06/2015 14:24:21 (Std) 	[ImageManager] ---- Source texture resource group: (Default)
02/06/2015 14:24:21 (Std) 	[OgreRenderer] Created texture: GlossySerpentFHDCursors
02/06/2015 14:24:21 (Std) 	[ImageManager] Created image: 'GlossySerpentFHDCursors/MouseArrow' (0x2f8b6b0) of type: BasicImage
02/06/2015 14:24:21 (Std) 	[ImageManager] Created image: 'GlossySerpentFHDCursors/MouseMoveCursor' (0x2fabc60) of type: BasicImage
02/06/2015 14:24:21 (Std) 	[ImageManager] Created image: 'GlossySerpentFHDCursors/MouseEsWeCursor' (0x2f8bc40) of type: BasicImage
02/06/2015 14:24:21 (Std) 	[ImageManager] Created image: 'GlossySerpentFHDCursors/MouseNoSoCursor' (0x2f8c060) of type: BasicImage
02/06/2015 14:24:21 (Std) 	[ImageManager] Created image: 'GlossySerpentFHDCursors/MouseNeSwCursor' (0x2f8c3d0) of type: BasicImage
02/06/2015 14:24:21 (Std) 	[ImageManager] Created image: 'GlossySerpentFHDCursors/MouseNwSeCursor' (0x2f8c740) of type: BasicImage
02/06/2015 14:24:21 (Std) 	[ImageManager] Created image: 'GlossySerpentFHDCursors/MouseTextBar' (0x2f8cab0) of type: BasicImage
02/06/2015 14:24:21 (Std) 	===== Falagard 'root' element: look and feel parsing begins =====
02/06/2015 14:24:21 (Std) 	===== Look and feel parsing completed =====
02/06/2015 14:24:21 (Std) 	No window renderer factories specified for module 'CEGUICoreWindowRendererSet' - adding all available factories...
02/06/2015 14:24:21 (Std) 	Created WindowRendererFactory for 'Core/Button' WindowRenderers.
02/06/2015 14:24:21 (Std) 	WindowRendererFactory 'Core/Button' added. (0x41034e0)
02/06/2015 14:24:21 (Std) 	Created WindowRendererFactory for 'Core/Default' WindowRenderers.
02/06/2015 14:24:21 (Std) 	WindowRendererFactory 'Core/Default' added. (0x4103680)
02/06/2015 14:24:21 (Std) 	Created WindowRendererFactory for 'Core/Editbox' WindowRenderers.
02/06/2015 14:24:21 (Std) 	WindowRendererFactory 'Core/Editbox' added. (0x4090060)
02/06/2015 14:24:21 (Std) 	Created WindowRendererFactory for 'Core/FrameWindow' WindowRenderers.
02/06/2015 14:24:21 (Std) 	WindowRendererFactory 'Core/FrameWindow' added. (0x4090200)
02/06/2015 14:24:21 (Std) 	Created WindowRendererFactory for 'Core/ItemEntry' WindowRenderers.
02/06/2015 14:24:21 (Std) 	WindowRendererFactory 'Core/ItemEntry' added. (0x40902c0)
02/06/2015 14:24:21 (Std) 	Created WindowRendererFactory for 'Core/ListHeader' WindowRenderers.
02/06/2015 14:24:21 (Std) 	WindowRendererFactory 'Core/ListHeader' added. (0x3efcd00)
02/06/2015 14:24:21 (Std) 	Created WindowRendererFactory for 'Core/ListHeaderSegment' WindowRenderers.
02/06/2015 14:24:21 (Std) 	WindowRendererFactory 'Core/ListHeaderSegment' added. (0x3d864a0)
02/06/2015 14:24:21 (Std) 	Created WindowRendererFactory for 'Core/Listbox' WindowRenderers.
02/06/2015 14:24:21 (Std) 	WindowRendererFactory 'Core/Listbox' added. (0x3d86640)
02/06/2015 14:24:21 (Std) 	Created WindowRendererFactory for 'Core/Menubar' WindowRenderers.
02/06/2015 14:24:21 (Std) 	WindowRendererFactory 'Core/Menubar' added. (0x3d867e0)
02/06/2015 14:24:21 (Std) 	Created WindowRendererFactory for 'Core/MenuItem' WindowRenderers.
02/06/2015 14:24:21 (Std) 	WindowRendererFactory 'Core/MenuItem' added. (0x3ec3f10)
02/06/2015 14:24:21 (Std) 	Created WindowRendererFactory for 'Core/MultiColumnList' WindowRenderers.
02/06/2015 14:24:21 (Std) 	WindowRendererFactory 'Core/MultiColumnList' added. (0x3ec40b0)
02/06/2015 14:24:21 (Std) 	Created WindowRendererFactory for 'Core/MultiLineEditbox' WindowRenderers.
02/06/2015 14:24:21 (Std) 	WindowRendererFactory 'Core/MultiLineEditbox' added. (0x3ec4250)
02/06/2015 14:24:21 (Std) 	Created WindowRendererFactory for 'Core/PopupMenu' WindowRenderers.
02/06/2015 14:24:21 (Std) 	WindowRendererFactory 'Core/PopupMenu' added. (0x3ec43f0)
02/06/2015 14:24:21 (Std) 	Created WindowRendererFactory for 'Core/ProgressBar' WindowRenderers.
02/06/2015 14:24:21 (Std) 	WindowRendererFactory 'Core/ProgressBar' added. (0x418c320)
02/06/2015 14:24:21 (Std) 	Created WindowRendererFactory for 'Core/ScrollablePane' WindowRenderers.
02/06/2015 14:24:21 (Std) 	WindowRendererFactory 'Core/ScrollablePane' added. (0x418c4c0)
02/06/2015 14:24:21 (Std) 	Created WindowRendererFactory for 'Core/Scrollbar' WindowRenderers.
02/06/2015 14:24:21 (Std) 	WindowRendererFactory 'Core/Scrollbar' added. (0x418c660)
02/06/2015 14:24:21 (Std) 	Created WindowRendererFactory for 'Core/Slider' WindowRenderers.
02/06/2015 14:24:21 (Std) 	WindowRendererFactory 'Core/Slider' added. (0x2fa45e0)
02/06/2015 14:24:21 (Std) 	Created WindowRendererFactory for 'Core/Static' WindowRenderers.
02/06/2015 14:24:21 (Std) 	WindowRendererFactory 'Core/Static' added. (0x2fa4890)
02/06/2015 14:24:21 (Std) 	Created WindowRendererFactory for 'Core/StaticImage' WindowRenderers.
02/06/2015 14:24:21 (Std) 	WindowRendererFactory 'Core/StaticImage' added. (0x2fa4a30)
02/06/2015 14:24:21 (Std) 	Created WindowRendererFactory for 'Core/StaticText' WindowRenderers.
02/06/2015 14:24:21 (Std) 	WindowRendererFactory 'Core/StaticText' added. (0x418b3b0)
02/06/2015 14:24:21 (Std) 	Created WindowRendererFactory for 'Core/TabButton' WindowRenderers.
02/06/2015 14:24:21 (Std) 	WindowRendererFactory 'Core/TabButton' added. (0x418b550)
02/06/2015 14:24:21 (Std) 	Created WindowRendererFactory for 'Core/TabControl' WindowRenderers.
02/06/2015 14:24:21 (Std) 	WindowRendererFactory 'Core/TabControl' added. (0x418b6f0)
02/06/2015 14:24:21 (Std) 	Created WindowRendererFactory for 'Core/Titlebar' WindowRenderers.
02/06/2015 14:24:21 (Std) 	WindowRendererFactory 'Core/Titlebar' added. (0x418b890)
02/06/2015 14:24:21 (Std) 	Created WindowRendererFactory for 'Core/ToggleButton' WindowRenderers.
02/06/2015 14:24:21 (Std) 	WindowRendererFactory 'Core/ToggleButton' added. (0x418ba30)
02/06/2015 14:24:21 (Std) 	Created WindowRendererFactory for 'Core/Tooltip' WindowRenderers.
02/06/2015 14:24:21 (Std) 	WindowRendererFactory 'Core/Tooltip' added. (0x40ea110)
02/06/2015 14:24:21 (Std) 	Created WindowRendererFactory for 'Core/ItemListbox' WindowRenderers.
02/06/2015 14:24:21 (Std) 	WindowRendererFactory 'Core/ItemListbox' added. (0x40ea2b0)
02/06/2015 14:24:21 (Std) 	Created WindowRendererFactory for 'Core/Tree' WindowRenderers.
02/06/2015 14:24:21 (Std) 	WindowRendererFactory 'Core/Tree' added. (0x40ea450)
02/06/2015 14:24:21 (Std) 	Creating falagard mapping for type 'GlossySerpentFHD/Button32' using base type 'CEGUI/PushButton', window renderer 'Core/Button' Look'N'Feel 'GlossySerpentFHD/Button32' and RenderEffect ''. (0x7fff7a5fc120)
02/06/2015 14:24:21 (Std) 	Creating falagard mapping for type 'GlossySerpentFHD/Button32_4C' using base type 'CEGUI/PushButton', window renderer 'Core/Button' Look'N'Feel 'GlossySerpentFHD/Button32_4C' and RenderEffect ''. (0x7fff7a5fc120)
02/06/2015 14:24:21 (Std) 	Creating falagard mapping for type 'GlossySerpentFHD/Button' using base type 'CEGUI/PushButton', window renderer 'Core/Button' Look'N'Feel 'GlossySerpentFHD/Button32' and RenderEffect ''. (0x7fff7a5fc120)
02/06/2015 14:24:21 (Std) 	Creating falagard mapping for type 'GlossySerpentFHD/SimpleBorderButton' using base type 'CEGUI/PushButton', window renderer 'Core/Button' Look'N'Feel 'GlossySerpentFHD/SimpleBorderButton' and RenderEffect ''. (0x7fff7a5fc120)
02/06/2015 14:24:21 (Std) 	Creating falagard mapping for type 'GlossySerpentFHD/Checkbox' using base type 'CEGUI/ToggleButton', window renderer 'Core/ToggleButton' Look'N'Feel 'GlossySerpentFHD/Checkbox' and RenderEffect ''. (0x7fff7a5fc120)
02/06/2015 14:24:21 (Std) 	Creating falagard mapping for type 'GlossySerpentFHD/Checkbox32' using base type 'CEGUI/ToggleButton', window renderer 'Core/ToggleButton' Look'N'Feel 'GlossySerpentFHD/Checkbox' and RenderEffect ''. (0x7fff7a5fc120)
02/06/2015 14:24:21 (Std) 	Creating falagard mapping for type 'GlossySerpentFHD/ImageButton' using base type 'CEGUI/PushButton', window renderer 'Core/Button' Look'N'Feel 'GlossySerpentFHD/ImageButton' and RenderEffect ''. (0x7fff7a5fc120)
02/06/2015 14:24:21 (Std) 	Creating falagard mapping for type 'GlossySerpentFHD/RadioButton' using base type 'CEGUI/RadioButton', window renderer 'Core/ToggleButton' Look'N'Feel 'GlossySerpentFHD/Checkbox' and RenderEffect ''. (0x7fff7a5fc120)
02/06/2015 14:24:21 (Std) 	Creating falagard mapping for type 'GlossySerpentFHD/FrameWindow' using base type 'CEGUI/FrameWindow', window renderer 'Core/FrameWindow' Look'N'Feel 'GlossySerpentFHD/FrameWindow' and RenderEffect ''. (0x7fff7a5fc120)
02/06/2015 14:24:21 (Std) 	Creating falagard mapping for type 'GlossySerpentFHD/Titlebar' using base type 'CEGUI/Titlebar', window renderer 'Core/Titlebar' Look'N'Feel 'GlossySerpentFHD/Titlebar' and RenderEffect ''. (0x7fff7a5fc120)
02/06/2015 14:24:21 (Std) 	Creating falagard mapping for type 'GlossySerpentFHD/SystemButton' using base type 'CEGUI/PushButton', window renderer 'Core/Button' Look'N'Feel 'GlossySerpentFHD/GlyphButton' and RenderEffect ''. (0x7fff7a5fc120)
02/06/2015 14:24:21 (Std) 	Creating falagard mapping for type 'GlossySerpentFHD/SystemButton32' using base type 'CEGUI/PushButton', window renderer 'Core/Button' Look'N'Feel 'GlossySerpentFHD/SystemButton32' and RenderEffect ''. (0x7fff7a5fc120)
02/06/2015 14:24:21 (Std) 	Creating falagard mapping for type 'GlossySerpentFHD/Editbox' using base type 'CEGUI/Editbox', window renderer 'Core/Editbox' Look'N'Feel 'GlossySerpentFHD/Editbox' and RenderEffect ''. (0x7fff7a5fc120)
02/06/2015 14:24:21 (Std) 	Creating falagard mapping for type 'GlossySerpentFHD/MultiLineEditbox' using base type 'CEGUI/MultiLineEditbox', window renderer 'Core/MultiLineEditbox' Look'N'Feel 'GlossySerpentFHD/MultiLineEditbox' and RenderEffect ''. (0x7fff7a5fc120)
02/06/2015 14:24:21 (Std) 	Creating falagard mapping for type 'GlossySerpentFHD/SimplePanel' using base type 'DefaultWindow', window renderer 'Core/Default' Look'N'Feel 'GlossySerpentFHD/SimplePanel' and RenderEffect ''. (0x7fff7a5fc120)
02/06/2015 14:24:21 (Std) 	Creating falagard mapping for type 'GlossySerpentFHD/SerpentPanel' using base type 'DefaultWindow', window renderer 'Core/Default' Look'N'Feel 'GlossySerpentFHD/SerpentPanel' and RenderEffect ''. (0x7fff7a5fc120)
02/06/2015 14:24:21 (Std) 	Creating falagard mapping for type 'GlossySerpentFHD/SerpentScaledTopBorder' using base type 'DefaultWindow', window renderer 'Core/Default' Look'N'Feel 'GlossySerpentFHD/SerpentScaledTopBorder' and RenderEffect ''. (0x7fff7a5fc120)
02/06/2015 14:24:21 (Std) 	Creating falagard mapping for type 'GlossySerpentFHD/SerpentScaledBottomBorder' using base type 'DefaultWindow', window renderer 'Core/Default' Look'N'Feel 'GlossySerpentFHD/SerpentScaledBottomBorder' and RenderEffect ''. (0x7fff7a5fc120)
02/06/2015 14:24:21 (Std) 	Creating falagard mapping for type 'GlossySerpentFHD/ProgressBar' using base type 'CEGUI/ProgressBar', window renderer 'Core/ProgressBar' Look'N'Feel 'GlossySerpentFHD/ProgressBar' and RenderEffect ''. (0x7fff7a5fc120)
02/06/2015 14:24:21 (Std) 	Creating falagard mapping for type 'GlossySerpentFHD/VerticalScrollbar' using base type 'CEGUI/Scrollbar', window renderer 'Core/Scrollbar' Look'N'Feel 'GlossySerpentFHD/VerticalScrollbar' and RenderEffect ''. (0x7fff7a5fc120)
02/06/2015 14:24:21 (Std) 	Creating falagard mapping for type 'GlossySerpentFHD/HorizontalScrollbar' using base type 'CEGUI/Scrollbar', window renderer 'Core/Scrollbar' Look'N'Feel 'GlossySerpentFHD/HorizontalScrollbar' and RenderEffect ''. (0x7fff7a5fc120)
02/06/2015 14:24:21 (Std) 	Creating falagard mapping for type 'GlossySerpentFHD/VerticalScrollbarThumb' using base type 'CEGUI/Thumb', window renderer 'Core/Button' Look'N'Feel 'GlossySerpentFHD/VerticalScrollbarThumb' and RenderEffect ''. (0x7fff7a5fc120)
02/06/2015 14:24:21 (Std) 	Creating falagard mapping for type 'GlossySerpentFHD/HorizontalScrollbarThumb' using base type 'CEGUI/Thumb', window renderer 'Core/Button' Look'N'Feel 'GlossySerpentFHD/HorizontalScrollbarThumb' and RenderEffect ''. (0x7fff7a5fc120)
02/06/2015 14:24:21 (Std) 	Creating falagard mapping for type 'GlossySerpentFHD/TabButton' using base type 'CEGUI/TabButton', window renderer 'Core/TabButton' Look'N'Feel 'GlossySerpentFHD/TabButton' and RenderEffect ''. (0x7fff7a5fc120)
02/06/2015 14:24:21 (Std) 	Creating falagard mapping for type 'GlossySerpentFHD/TabControl' using base type 'CEGUI/TabControl', window renderer 'Core/TabControl' Look'N'Feel 'GlossySerpentFHD/TabControl' and RenderEffect ''. (0x7fff7a5fc120)
02/06/2015 14:24:21 (Std) 	Creating falagard mapping for type 'GlossySerpentFHD/TabContentPane' using base type 'DefaultWindow', window renderer 'Core/Default' Look'N'Feel 'GlossySerpentFHD/TabContentPane' and RenderEffect ''. (0x7fff7a5fc120)
02/06/2015 14:24:21 (Std) 	Creating falagard mapping for type 'GlossySerpentFHD/TabButtonPane' using base type 'DefaultWindow', window renderer 'Core/Default' Look'N'Feel 'GlossySerpentFHD/TabButtonPane' and RenderEffect ''. (0x7fff7a5fc120)
02/06/2015 14:24:21 (Std) 	Creating falagard mapping for type 'GlossySerpentFHD/GlyphButton' using base type 'CEGUI/PushButton', window renderer 'Core/Button' Look'N'Feel 'GlossySerpentFHD/GlyphButton' and RenderEffect ''. (0x7fff7a5fc120)
02/06/2015 14:24:21 (Std) 	Creating falagard mapping for type 'GlossySerpentFHD/GlyphButtonCombo' using base type 'CEGUI/PushButton', window renderer 'Core/Button' Look'N'Feel 'GlossySerpentFHD/GlyphButtonCombo' and RenderEffect ''. (0x7fff7a5fc120)
02/06/2015 14:24:21 (Std) 	Creating falagard mapping for type 'GlossySerpentFHD/RailedGlyphButton' using base type 'CEGUI/PushButton', window renderer 'Core/Button' Look'N'Feel 'GlossySerpentFHD/RailedGlyphButton' and RenderEffect ''. (0x7fff7a5fc120)
02/06/2015 14:24:21 (Std) 	Creating falagard mapping for type 'GlossySerpentFHD/ComboDropList' using base type 'CEGUI/ComboDropList', window renderer 'Core/Listbox' Look'N'Feel 'GlossySerpentFHD/ComboDropList' and RenderEffect ''. (0x7fff7a5fc120)
02/06/2015 14:24:21 (Std) 	Creating falagard mapping for type 'GlossySerpentFHD/ComboEditbox' using base type 'CEGUI/Editbox', window renderer 'Core/Editbox' Look'N'Feel 'GlossySerpentFHD/ComboEditbox' and RenderEffect ''. (0x7fff7a5fc120)
02/06/2015 14:24:21 (Std) 	Creating falagard mapping for type 'GlossySerpentFHD/Combobox' using base type 'CEGUI/Combobox', window renderer 'Core/Default' Look'N'Feel 'GlossySerpentFHD/Combobox' and RenderEffect ''. (0x7fff7a5fc120)
02/06/2015 14:24:21 (Std) 	Creating falagard mapping for type 'GlossySerpentFHD/Listbox' using base type 'CEGUI/Listbox', window renderer 'Core/Listbox' Look'N'Feel 'GlossySerpentFHD/Listbox' and RenderEffect ''. (0x7fff7a5fc120)
02/06/2015 14:24:21 (Std) 	Creating falagard mapping for type 'GlossySerpentFHD/ListboxTransparent' using base type 'CEGUI/Listbox', window renderer 'Core/Listbox' Look'N'Feel 'GlossySerpentFHD/ListboxTransparent' and RenderEffect ''. (0x7fff7a5fc120)
02/06/2015 14:24:21 (Std) 	Creating falagard mapping for type 'GlossySerpentFHD/ListHeader' using base type 'CEGUI/ListHeader', window renderer 'Core/ListHeader' Look'N'Feel 'GlossySerpentFHD/ListHeader' and RenderEffect ''. (0x7fff7a5fc120)
02/06/2015 14:24:21 (Std) 	Creating falagard mapping for type 'GlossySerpentFHD/ListHeaderSegment' using base type 'CEGUI/ListHeaderSegment', window renderer 'Core/ListHeaderSegment' Look'N'Feel 'GlossySerpentFHD/ListHeaderSegment' and RenderEffect ''. (0x7fff7a5fc120)
02/06/2015 14:24:21 (Std) 	Creating falagard mapping for type 'GlossySerpentFHD/MultiColumnList' using base type 'CEGUI/MultiColumnList', window renderer 'Core/MultiColumnList' Look'N'Feel 'GlossySerpentFHD/MultiColumnList' and RenderEffect ''. (0x7fff7a5fc120)
02/06/2015 14:24:21 (Std) 	Creating falagard mapping for type 'GlossySerpentFHD/ScrollablePane' using base type 'CEGUI/ScrollablePane', window renderer 'Core/ScrollablePane' Look'N'Feel 'GlossySerpentFHD/ScrollablePane' and RenderEffect ''. (0x7fff7a5fc120)
02/06/2015 14:24:21 (Std) 	Creating falagard mapping for type 'GlossySerpentFHD/Spinner' using base type 'CEGUI/Spinner', window renderer 'Core/Default' Look'N'Feel 'GlossySerpentFHD/Spinner' and RenderEffect ''. (0x7fff7a5fc120)
02/06/2015 14:24:21 (Std) 	Creating falagard mapping for type 'GlossySerpentFHD/Tooltip' using base type 'CEGUI/Tooltip', window renderer 'Core/Tooltip' Look'N'Feel 'GlossySerpentFHD/Tooltip' and RenderEffect ''. (0x7fff7a5fc120)
02/06/2015 14:24:21 (Std) 	Creating falagard mapping for type 'GlossySerpentFHD/StaticImage' using base type 'DefaultWindow', window renderer 'Core/StaticImage' Look'N'Feel 'GlossySerpentFHD/StaticImage' and RenderEffect ''. (0x7fff7a5fc120)
02/06/2015 14:24:21 (Std) 	Creating falagard mapping for type 'GlossySerpentFHD/StaticText' using base type 'DefaultWindow', window renderer 'Core/StaticText' Look'N'Feel 'GlossySerpentFHD/StaticText' and RenderEffect ''. (0x7fff7a5fc120)
02/06/2015 14:24:21 (Std) 	Creating falagard mapping for type 'GlossySerpentFHD/ItemListbox' using base type 'CEGUI/ItemListbox', window renderer 'Core/ItemListbox' Look'N'Feel 'GlossySerpentFHD/ItemListbox' and RenderEffect ''. (0x7fff7a5fc120)
02/06/2015 14:24:21 (Std) 	Creating falagard mapping for type 'GlossySerpentFHD/ListboxItem' using base type 'CEGUI/ItemEntry', window renderer 'Core/ItemEntry' Look'N'Feel 'GlossySerpentFHD/ListboxItem' and RenderEffect ''. (0x7fff7a5fc120)
02/06/2015 14:24:21 (Std) 	Creating falagard mapping for type 'GlossySerpentFHD/GroupBox' using base type 'CEGUI/GroupBox', window renderer 'Core/Default' Look'N'Feel 'GlossySerpentFHD/GroupBox' and RenderEffect ''. (0x7fff7a5fc120)
02/06/2015 14:24:21 (Std) 	Creating falagard mapping for type 'GlossySerpentFHD/Menubar' using base type 'CEGUI/Menubar', window renderer 'Core/Menubar' Look'N'Feel 'GlossySerpentFHD/Menubar' and RenderEffect ''. (0x7fff7a5fc120)
02/06/2015 14:24:21 (Std) 	Creating falagard mapping for type 'GlossySerpentFHD/PopupMenu' using base type 'CEGUI/PopupMenu', window renderer 'Core/PopupMenu' Look'N'Feel 'GlossySerpentFHD/PopupMenu' and RenderEffect ''. (0x7fff7a5fc120)
02/06/2015 14:24:21 (Std) 	Creating falagard mapping for type 'GlossySerpentFHD/MenuItem' using base type 'CEGUI/MenuItem', window renderer 'Core/MenuItem' Look'N'Feel 'GlossySerpentFHD/MenuItem' and RenderEffect ''. (0x7fff7a5fc120)
02/06/2015 14:24:21 (Std) 	[OgreRenderer] Created texture: _ogre_tt_tex_0
02/06/2015 14:24:21 (Std) 	[OgreRenderer] Created texture: DejaVuSans-HD-10_auto_glyph_images_32
02/06/2015 14:24:21 (Std) 	[OgreRenderer] Created texture: _ogre_tt_tex_1
02/06/2015 14:24:21 (Std) 	[OgreRenderer] Created texture: _ogre_tt_tex_2
02/06/2015 14:24:21 (Std) 	[OgreRenderer] Created texture: _ogre_tt_tex_3
02/06/2015 14:24:21 (Std) 	---- Successfully completed loading of GUI layout from 'BreakOut3D.layout' ----
